<?xml version="1.0" encoding="UTF-8"?>
<testsuite xmlns:xsi="http://www.w3.org/2001/XMLSchema-instance" xsi:noNamespaceSchemaLocation="https://maven.apache.org/surefire/maven-surefire-plugin/xsd/surefire-test-report.xsd" version="3.0.2" name="com.example.demo.DemoApplicationTests" time="12.179" tests="2" errors="0" skipped="0" failures="0" flakes="0">
  <properties>
[...]
</properties>
  <testcase name="contextLoads" classname="com.example.demo.DemoApplicationTests" time="2.037">
    <system-out><![CDATA[12:57:53.422 [main] INFO org.springframework.test.context.support.AnnotationConfigContextLoaderUtils -- Could not detect default configuration classes for test class [com.example.demo.DemoApplicationTests]: DemoApplicationTests does not declare any static, non-private, non-final, nested classes annotated with @Configuration.
12:57:53.644 [main] INFO org.springframework.boot.test.context.SpringBootTestContextBootstrapper -- Found @SpringBootConfiguration com.example.demo.DemoApplication for test class com.example.demo.DemoApplicationTests
12:57:53.849 [main] INFO org.springframework.test.context.support.AnnotationConfigContextLoaderUtils -- Could not detect default configuration classes for test class [com.example.demo.DemoApplicationTests]: DemoApplicationTests does not declare any static, non-private, non-final, nested classes annotated with @Configuration.
12:57:53.852 [main] INFO org.springframework.boot.test.context.SpringBootTestContextBootstrapper -- Found @SpringBootConfiguration com.example.demo.DemoApplication for test class com.example.demo.DemoApplicationTests

  .   ____          _            __ _ _
 /\\ / ___'_ __ _ _(_)_ __  __ _ \ \ \ \
( ( )\___ | '_ | '_| | '_ \/ _` | \ \ \ \
 \\/  ___)| |_)| | | | | || (_| |  ) ) ) )
  '  |____| .__|_| |_|_| |_\__, | / / / /
 =========|_|==============|___/=/_/_/_/

 :: Spring Boot ::                (v4.1.0)

2026-07-21T12:57:54.506+03:00  INFO 3400 --- [demo-app] [           main] com.example.demo.DemoApplicationTests    : Starting DemoApplicationTests using Java 26.0.1 with PID 3400 (started by elias in C:\Users\elias\lab\spring-boot-eks-cicd-pippeline-local\demo-app)
2026-07-21T12:57:54.509+03:00  INFO 3400 --- [demo-app] [           main] com.example.demo.DemoApplicationTests    : No active profile set, falling back to 1 default profile: "default"
2026-07-21T12:57:58.263+03:00  INFO 3400 --- [demo-app] [           main] o.s.boot.tomcat.TomcatWebServer          : Tomcat initialized with port 0 (http)
2026-07-21T12:57:58.325+03:00  INFO 3400 --- [demo-app] [           main] o.apache.catalina.core.StandardService   : Starting service [Tomcat]
2026-07-21T12:57:58.327+03:00  INFO 3400 --- [demo-app] [           main] o.apache.catalina.core.StandardEngine    : Starting Servlet engine: [Apache Tomcat/11.0.22]
2026-07-21T12:57:58.498+03:00  INFO 3400 --- [demo-app] [           main] b.w.c.s.WebApplicationContextInitializer : Root WebApplicationContext: initialization completed in 3952 ms
2026-07-21T12:58:01.268+03:00  INFO 3400 --- [demo-app] [           main] o.s.b.a.e.web.EndpointLinksResolver      : Exposing 2 endpoints beneath base path '/actuator'
2026-07-21T12:58:01.458+03:00  INFO 3400 --- [demo-app] [           main] o.s.boot.tomcat.TomcatWebServer          : Tomcat started on port 55649 (http) with context path '/'
2026-07-21T12:58:01.483+03:00  INFO 3400 --- [demo-app] [           main] com.example.demo.DemoApplicationTests    : Started DemoApplicationTests in 7.538 seconds (process running for 9.637)
]]></system-out>
    <system-err><![CDATA[Mockito is currently self-attaching to enable the inline-mock-maker. This will no longer work in future releases of the JDK. Please add Mockito as an agent to your build as described in Mockito's documentation: https://javadoc.io/doc/org.mockito/mockito-core/latest/org.mockito/org/mockito/Mockito.html#0.3
WARNING: A Java agent has been loaded dynamically (C:\Users\elias\.m2\repository\net\bytebuddy\byte-buddy-agent\1.18.10\byte-buddy-agent-1.18.10.jar)
WARNING: If a serviceability tool is in use, please run with -XX:+EnableDynamicAgentLoading to hide this warning
WARNING: If a serviceability tool is not in use, please run with -Djdk.instrument.traceUsage for more information
WARNING: Dynamic loading of agents will be disallowed by default in a future release
]]></system-err>
  </testcase>
  <testcase name="statusEndpointReturnsOk(TestRestTemplate)" classname="com.example.demo.DemoApplicationTests" time="1.371">
    <system-out><![CDATA[2026-07-21T12:58:04.484+03:00  INFO 3400 --- [demo-app] [o-auto-1-exec-1] o.a.c.c.C.[Tomcat].[localhost].[/]       : Initializing Spring DispatcherServlet 'dispatcherServlet'
2026-07-21T12:58:04.485+03:00  INFO 3400 --- [demo-app] [o-auto-1-exec-1] o.s.web.servlet.DispatcherServlet        : Initializing Servlet 'dispatcherServlet'
2026-07-21T12:58:04.488+03:00  INFO 3400 --- [demo-app] [o-auto-1-exec-1] o.s.web.servlet.DispatcherServlet        : Completed initialization in 3 ms
]]></system-out>
  </testcase>
</testsuite>